# JRE version: Java(TM) SE Runtime Environment 18.9 (11.0.15+8) (build 11.0.15+8-LTS-149)
# Java VM: Java HotSpot(TM) 64-Bit Server VM 18.9 (11.0.15+8-LTS-149, mixed mode, tiered, compressed oops, g1 gc, windows-amd64)
Heap:
 garbage-first heap   total 196608K, used 21686K [0x0000000741800000, 0x0000000800000000)
  region size 1024K, 17 young (17408K), 4 survivors (4096K)
 Metaspace       used 21728K, capacity 22223K, committed 22272K, reserved 1069056K
  class space    used 2345K, capacity 2546K, committed 2560K, reserved 1048576K
GC Heap History (8 events):
Event: 1.200 GC heap before
{Heap before GC invocations=0 (full 0):
 garbage-first heap   total 196608K, used 13312K [0x0000000741800000, 0x0000000800000000)
  region size 1024K, 14 young (14336K), 0 survivors (0K)
 Metaspace       used 11424K, capacity 11564K, committed 11776K, reserved 1060864K
  class space    used 1095K, capacity 1154K, committed 1280K, reserved 1048576K
}
Event: 1.205 GC heap after
{Heap after GC invocations=1 (full 0):
 garbage-first heap   total 196608K, used 6655K [0x0000000741800000, 0x0000000800000000)
  region size 1024K, 2 young (2048K), 2 survivors (2048K)
 Metaspace       used 11424K, capacity 11564K, committed 11776K, reserved 1060864K
  class space    used 1095K, capacity 1154K, committed 1280K, reserved 1048576K
}
Event: 1.420 GC heap before
{Heap before GC invocations=1 (full 0):
 garbage-first heap   total 196608K, used 13823K [0x0000000741800000, 0x0000000800000000)
  region size 1024K, 9 young (9216K), 2 survivors (2048K)
 Metaspace       used 14485K, capacity 14869K, committed 14976K, reserved 1062912K
  class space    used 1454K, capacity 1561K, committed 1664K, reserved 1048576K
}
Event: 1.426 GC heap after
{Heap after GC invocations=2 (full 0):
 garbage-first heap   total 196608K, used 6728K [0x0000000741800000, 0x0000000800000000)
  region size 1024K, 1 young (1024K), 1 survivors (1024K)
 Metaspace       used 14485K, capacity 14869K, committed 14976K, reserved 1062912K
  class space    used 1454K, capacity 1561K, committed 1664K, reserved 1048576K
}
Event: 2.010 GC heap before
{Heap before GC invocations=2 (full 0):
 garbage-first heap   total 196608K, used 43592K [0x0000000741800000, 0x0000000800000000)
  region size 1024K, 37 young (37888K), 1 survivors (1024K)
 Metaspace       used 19959K, capacity 20438K, committed 20736K, reserved 1067008K
  class space    used 2047K, capacity 2250K, committed 2304K, reserved 1048576K
}
Event: 2.015 GC heap after
{Heap after GC invocations=3 (full 0):
 garbage-first heap   total 196608K, used 8122K [0x0000000741800000, 0x0000000800000000)
  region size 1024K, 2 young (2048K), 2 survivors (2048K)
 Metaspace       used 19959K, capacity 20438K, committed 20736K, reserved 1067008K
  class space    used 2047K, capacity 2250K, committed 2304K, reserved 1048576K
}
Event: 2.226 GC heap before
{Heap before GC invocations=3 (full 0):
 garbage-first heap   total 196608K, used 51130K [0x0000000741800000, 0x0000000800000000)
  region size 1024K, 45 young (46080K), 2 survivors (2048K)
 Metaspace       used 20601K, capacity 21067K, committed 21248K, reserved 1069056K
  class space    used 2119K, capacity 2289K, committed 2304K, reserved 1048576K
}
Event: 2.231 GC heap after
{Heap after GC invocations=4 (full 0):
 garbage-first heap   total 196608K, used 9398K [0x0000000741800000, 0x0000000800000000)
  region size 1024K, 4 young (4096K), 4 survivors (4096K)
 Metaspace       used 20601K, capacity 21067K, committed 21248K, reserved 1069056K
  class space    used 2119K, capacity 2289K, committed 2304K, reserved 1048576K
}

