<?xml version="1.0" encoding="UTF-8"?>
<!-- Generated by org.testng.reporters.JUnitXMLReporter -->
<testsuite ignored="4" hostname="DESKTOP-V1HFTJ3" failures="0" tests="2" name="Test" time="0.092" errors="0" timestamp="2024-11-13T21:01:15 IST">
  <testcase classname="com.tests.automation.java.testng.TestHome" name="ValidateRegTest" time="0.009"/>
  <testcase classname="com.tests.automation.java.testng.TestWebTable" name="ValidateRegTestWeb" time="0.001"/>
  <testcase classname="com.tests.automation.java.testng.TestWebTable" name="testMethodWebTable" time="0.0">
    <ignored/>
  </testcase> <!-- testMethodWebTable -->
  <testcase classname="com.tests.automation.java.testng.TestHome" name="ValidatesmokeTest" time="0.0">
    <ignored/>
  </testcase> <!-- ValidatesmokeTest -->
  <testcase classname="com.tests.automation.java.testng.TestWebTable" name="ValidatesmokeTestWeb" time="0.0">
    <ignored/>
  </testcase> <!-- ValidatesmokeTestWeb -->
  <testcase classname="com.tests.automation.java.testng.TestHome" name="HomePageMethod" time="0.0">
    <ignored/>
  </testcase> <!-- HomePageMethod -->
</testsuite> <!-- Test -->
