<?xml version="1.0" encoding="UTF-8"?>
<!-- Generated by org.testng.reporters.JUnitXMLReporter -->
<testsuite ignored="4" hostname="DESKTOP-V1HFTJ3" failures="0" tests="2" name="Test" time="0.074" errors="0" timestamp="2024-11-18T17:26:57 IST">
  <testcase classname="com.tests.automation.java.testng.TestHome" name="ValidateRegTest" time="0.011"/>
  <testcase classname="com.tests.automation.java.testng.TestWebTable" name="ValidateRegTestWeb" time="0.002"/>
  <testcase classname="com.tests.automation.java.testng.TestWebTable" name="testMethodWebTable" time="0.0">
    <ignored/>
  </testcase> <!-- testMethodWebTable -->
  <testcase classname="com.tests.automation.java.testng.TestHome" name="ValidatesmokeTest" time="0.0">
    <ignored/>
  </testcase> <!-- ValidatesmokeTest -->
  <testcase classname="com.tests.automation.java.testng.TestWebTable" name="ValidatesmokeTestWeb" time="0.0">
    <ignored/>
  </testcase> <!-- ValidatesmokeTestWeb -->
  <testcase classname="com.tests.automation.java.testng.TestHome" name="HomePageMethod" time="0.0">
    <ignored/>
  </testcase> <!-- HomePageMethod -->
</testsuite> <!-- Test -->
